This file contains any messages produced by compilers while
running configure, to aid debugging if configure makes a mistake.

It was created by configure, which was
generated by GNU Autoconf 2.69.  Invocation command line was

  $ ./configure --with-emacs=/usr/local/Cellar/emacs/HEAD/Emacs.app/Contents/MacOS/Emacs

## --------- ##
## Platform. ##
## --------- ##

hostname = fujimisakari.local
uname -m = x86_64
uname -r = 13.1.0
uname -s = Darwin
uname -v = Darwin Kernel Version 13.1.0: Thu Jan 16 19:40:37 PST 2014; root:xnu-2422.90.20~2/RELEASE_X86_64

/usr/bin/uname -p = i386
/bin/uname -X     = unknown

/bin/arch              = unknown
/usr/bin/arch -k       = unknown
/usr/convex/getsysinfo = unknown
/usr/bin/hostinfo      = Mach kernel version:
	 Darwin Kernel Version 13.1.0: Thu Jan 16 19:40:37 PST 2014; root:xnu-2422.90.20~2/RELEASE_X86_64
Kernel configured for up to 4 processors.
2 processors are physically available.
4 processors are logically available.
Processor type: i486 (Intel 80486)
Processors active: 0 1 2 3
Primary memory available: 8.00 gigabytes
Default processor set: 189 tasks, 1093 threads, 4 processors
Load average: 4.34, Mach factor: 0.95
/bin/machine           = unknown
/usr/bin/oslevel       = unknown
/bin/universe          = unknown

PATH: /Users/fujimo/.pyenv/shims
PATH: /usr/local/opt/coreutils/libexec/gnubin
PATH: /usr/local/bin
PATH: /Users/fujimo/.pyenv/bin
PATH: /sbin
PATH: /Users/fujimo/misc/bin
PATH: /usr/bin
PATH: /bin
PATH: /usr/sbin
PATH: /sbin
PATH: /usr/local/bin


## ----------- ##
## Core tests. ##
## ----------- ##

configure:1702: checking whether make sets $(MAKE)
configure:1724: result: yes
configure:1776: checking for a BSD-compatible install
configure:1844: result: /usr/local/opt/coreutils/libexec/gnubin/install -c
configure:1857: checking for makeinfo
configure:1873: found /usr/bin/makeinfo
configure:1885: result: makeinfo
configure:1895: checking for texi2dvi
configure:1911: found /usr/bin/texi2dvi
configure:1923: result: texi2dvi
configure:1933: checking for ptex
configure:1961: result: false
configure:1971: checking for jbibtex
configure:1999: result: false
configure:2009: checking for dvipdfmx
configure:2037: result: false
configure:2047: checking for texi2pdf
configure:2063: found /usr/bin/texi2pdf
configure:2075: result: texi2pdf
configure:2087: checking for egrep
configure:2103: found /usr/bin/egrep
configure:2114: result: egrep
configure:2183: checking for /usr/local/Cellar/emacs/HEAD/Emacs.app/Contents/MacOS/Emacs
configure:2214: result: /usr/local/Cellar/emacs/HEAD/Emacs.app/Contents/MacOS/Emacs
configure:2376: checking what a flavor does /usr/local/Cellar/emacs/HEAD/Emacs.app/Contents/MacOS/Emacs have
/usr/local/Cellar/emacs/HEAD/Emacs.app/Contents/MacOS/Emacs -q -no-site-file -batch -eval '(let ((x (if (featurep (quote xemacs))
	"XEmacs"
      (concat "Emacs "
	      (mapconcat (function identity)
			 (nreverse
			  (cdr (nreverse
				(split-string emacs-version
					      (concat (vector 92 46))))))
			 "."))))) (write-region (format "%s" x) nil "./conftest-21209" nil 5))'
=> Emacs 24.3.50
configure:2420: result: Emacs 24.3.50
configure:2432: checking prefix for /usr/local/Cellar/emacs/HEAD/Emacs.app/Contents/MacOS/Emacs
/usr/local/Cellar/emacs/HEAD/Emacs.app/Contents/MacOS/Emacs -q -no-site-file -batch -eval '(let ((x (expand-file-name ".." invocation-directory))) (write-region (format "%s" x) nil "./conftest-21209" nil 5))'
=> /usr/local/Cellar/emacs/HEAD/Emacs.app/Contents
configure:2463: result: /usr/local/Cellar/emacs/HEAD/Emacs.app/Contents
configure:2471: checking where lisp files should go
configure:2493: result: $(datadir)/emacs/site-lisp/w3m/
configure:2655: checking where icon files should go
/usr/local/Cellar/emacs/HEAD/Emacs.app/Contents/MacOS/Emacs -q -no-site-file -batch -eval '(let ((x (let ((prefix "/usr/local/Cellar/emacs/HEAD/Emacs.app/Contents")	      (default (expand-file-name "images/w3m" data-directory)))	  (if (and prefix		   (progn		     (setq prefix (file-name-as-directory prefix))		     (eq 0 (string-match (regexp-quote prefix) default))))	      (replace-match "$(prefix)/" nil nil default)	    default)))) (write-region (format "%s" x) nil "./conftest-21209" nil 5))'
=> /usr/local/Cellar/emacs/HEAD/share/emacs/24.3.50/etc/images/w3m
configure:2699: result: /usr/local/Cellar/emacs/HEAD/share/emacs/24.3.50/etc/images/w3m
configure:2895: creating ./config.status

## ---------------------- ##
## Running config.status. ##
## ---------------------- ##

This file was extended by config.status, which was
generated by GNU Autoconf 2.69.  Invocation command line was

  CONFIG_FILES    = 
  CONFIG_HEADERS  = 
  CONFIG_LINKS    = 
  CONFIG_COMMANDS = 
  $ ./config.status 

on fujimisakari.local

config.status:731: creating Makefile
config.status:731: creating doc/Makefile

## ---------------- ##
## Cache variables. ##
## ---------------- ##

EMACS_cv_SYS_flavor='Emacs 24.3.50'
EMACS_cv_SYS_icondir=/usr/local/Cellar/emacs/HEAD/share/emacs/24.3.50/etc/images/w3m
EMACS_cv_SYS_prefix=/usr/local/Cellar/emacs/HEAD/Emacs.app/Contents
ac_cv_env_build_alias_set=
ac_cv_env_build_alias_value=
ac_cv_env_host_alias_set=
ac_cv_env_host_alias_value=
ac_cv_env_target_alias_set=
ac_cv_env_target_alias_value=
ac_cv_path_EMACS=/usr/local/Cellar/emacs/HEAD/Emacs.app/Contents/MacOS/Emacs
ac_cv_path_install='/usr/local/opt/coreutils/libexec/gnubin/install -c'
ac_cv_prog_DVIPDFMX=false
ac_cv_prog_EGREP=egrep
ac_cv_prog_JBIBTEX=false
ac_cv_prog_MAKEINFO=makeinfo
ac_cv_prog_PTEX=false
ac_cv_prog_TEXI2DVI=texi2dvi
ac_cv_prog_TEXI2PDF=texi2pdf
ac_cv_prog_make_make_set=yes

## ----------------- ##
## Output variables. ##
## ----------------- ##

ADDITIONAL_LOAD_PATH='NONE'
DEFS='-DPACKAGE_NAME=\"\" -DPACKAGE_TARNAME=\"\" -DPACKAGE_VERSION=\"\" -DPACKAGE_STRING=\"\" -DPACKAGE_BUGREPORT=\"\" -DPACKAGE_URL=\"\"'
DVIPDFMX='false'
ECHO_C='\c'
ECHO_N=''
ECHO_T=''
EGREP='egrep'
EMACS='/usr/local/Cellar/emacs/HEAD/Emacs.app/Contents/MacOS/Emacs'
ICONDIR='/usr/local/Cellar/emacs/HEAD/share/emacs/24.3.50/etc/images/w3m'
INSTALL_DATA='${INSTALL} -m 644'
INSTALL_PROGRAM='${INSTALL}'
INSTALL_SCRIPT='${INSTALL}'
JBIBTEX='false'
LIBOBJS=''
LIBS=''
LTLIBOBJS=''
MAKEINFO='makeinfo'
PACKAGEDIR='NONE'
PACKAGE_BUGREPORT=''
PACKAGE_NAME=''
PACKAGE_STRING=''
PACKAGE_TARNAME=''
PACKAGE_URL=''
PACKAGE_VERSION=''
PATH_SEPARATOR=':'
PTEX='false'
SET_MAKE=''
SHELL='/bin/sh'
TEXI2DVI='texi2dvi'
TEXI2PDF='texi2pdf'
VANILLA_FLAG='-q -no-site-file'
XEMACSDEBUG=''
bindir='${exec_prefix}/bin'
build_alias=''
datadir='${datarootdir}'
datarootdir='${prefix}/share'
docdir='${datarootdir}/doc/${PACKAGE}'
dvidir='${docdir}'
exec_prefix='${prefix}'
host_alias=''
htmldir='${docdir}'
includedir='${prefix}/include'
infodir='${datarootdir}/info'
libdir='${exec_prefix}/lib'
libexecdir='${exec_prefix}/libexec'
lispdir='$(datadir)/emacs/site-lisp/w3m'
localedir='${datarootdir}/locale'
localstatedir='${prefix}/var'
mandir='${datarootdir}/man'
oldincludedir='/usr/include'
pdfdir='${docdir}'
prefix='/usr/local/Cellar/emacs/HEAD/Emacs.app/Contents'
program_transform_name='s,x,x,'
psdir='${docdir}'
sbindir='${exec_prefix}/sbin'
sharedstatedir='${prefix}/com'
sysconfdir='${prefix}/etc'
target_alias=''

## ----------- ##
## confdefs.h. ##
## ----------- ##

/* confdefs.h */
#define PACKAGE_NAME ""
#define PACKAGE_TARNAME ""
#define PACKAGE_VERSION ""
#define PACKAGE_STRING ""
#define PACKAGE_BUGREPORT ""
#define PACKAGE_URL ""

configure: exit 0
